<?xml version="1.0" encoding="UTF-8"?>
<testng-results skipped="0" failed="0" ignored="0" total="1" passed="1">
  <reporter-output>
  </reporter-output>
  <suite name="Default suite" duration-ms="21070" started-at="2021-08-23T03:14:27 IST" finished-at="2021-08-23T03:14:48 IST">
    <groups>
    </groups>
    <test name="Default test" duration-ms="21070" started-at="2021-08-23T03:14:27 IST" finished-at="2021-08-23T03:14:48 IST">
      <class name="testCases.LoginApp">
        <test-method status="PASS" signature="logIn()[pri:0, instance:testCases.LoginApp@7f13d6e]" name="logIn" duration-ms="21039" started-at="2021-08-23T03:14:27 IST" finished-at="2021-08-23T03:14:48 IST">
          <reporter-output>
          </reporter-output>
        </test-method> <!-- logIn -->
      </class> <!-- testCases.LoginApp -->
    </test> <!-- Default test -->
  </suite> <!-- Default suite -->
</testng-results>
